
╔═══════════════════════════════╗
  Homebrew Maintenance Script  
╚═══════════════════════════════╝

Sun Jun 22 22:55:21 +06 2025

============================  Homebrew Maintenance  ============================
System: macOS 15.5 (24F74)
Starting Homebrew maintenance tasks

============================ Checking Dependencies ============================

Homebrew is installed
Xcode Command Line Tools are installed
Dependency check complete. Ready to execute script.

=============================  Fixing Permissions  =============================
Fixing Homebrew directory ownership and permissions...
Permissions adjusted.

================================  Brew Doctor  ================================
Your system is ready to brew.

================================  Brew Update  ================================

==========================  Brew Upgrade (Formulae)  ==========================

============================  Brew Upgrade (Casks)  ============================

============================  Fixing Broken Links  ============================
Checking for broken or unlinked Homebrew formulae...
Ensuring all formulae are properly linked...

==========================  Relinking Critical Tools  ==========================
Relinking essential Homebrew tools...
Relinking: curl

If you need to have this software first in your PATH instead consider running:
  echo 'export PATH="/opt/homebrew/opt/curl/bin:$PATH"' >> ~/.zshrc
Relinking: git
Linking /opt/homebrew/Cellar/git/2.50.0... 236 symlinks created.
Critical tools relinking completed.

================================  Brew Cleanup  ================================

=============================  Final Brew Doctor  =============================
Your system is ready to brew.

Homebrew maintenance complete.
No noticeable disk space change due to background processes
Log PATH /Users/prasitchanda/Project/brew-maintenance/brew-maintenance-20250622225521.log

=========================
Version 1.1.0-2025062201
Prasit Chanda © 2025
=========================

